<?xml version="1.0" encoding="UTF-8"?>
<coverage generated="1732525980532" clover="3.2.0">
  <project timestamp="1732525980532" name="All files">
    <metrics statements="69" coveredstatements="69" conditionals="39" coveredconditionals="39" methods="20" coveredmethods="20" elements="128" coveredelements="128" complexity="0" loc="69" ncloc="69" packages="2" files="7" classes="7"/>
    <package name="src">
      <metrics statements="30" coveredstatements="30" conditionals="15" coveredconditionals="15" methods="7" coveredmethods="7"/>
      <file name="getDiff.js" path="C:\ebat_ya_programist\frontend-project-46\src\getDiff.js">
        <metrics statements="16" coveredstatements="16" conditionals="10" coveredconditionals="10" methods="2" coveredmethods="2"/>
        <line num="3" count="1" type="stmt"/>
        <line num="4" count="45" type="stmt"/>
        <line num="5" count="45" type="stmt"/>
        <line num="6" count="45" type="stmt"/>
        <line num="7" count="45" type="stmt"/>
        <line num="9" count="45" type="stmt"/>
        <line num="10" count="162" type="cond" truecount="2" falsecount="0"/>
        <line num="11" count="45" type="stmt"/>
        <line num="13" count="117" type="cond" truecount="2" falsecount="0"/>
        <line num="14" count="18" type="stmt"/>
        <line num="16" count="99" type="cond" truecount="4" falsecount="0"/>
        <line num="17" count="36" type="stmt"/>
        <line num="19" count="63" type="cond" truecount="2" falsecount="0"/>
        <line num="20" count="36" type="stmt"/>
        <line num="24" count="27" type="stmt"/>
        <line num="26" count="45" type="stmt"/>
      </file>
      <file name="index.js" path="C:\ebat_ya_programist\frontend-project-46\src\index.js">
        <metrics statements="8" coveredstatements="8" conditionals="1" coveredconditionals="1" methods="4" coveredmethods="4"/>
        <line num="8" count="18" type="stmt"/>
        <line num="9" count="18" type="stmt"/>
        <line num="11" count="18" type="stmt"/>
        <line num="13" count="1" type="cond" truecount="1" falsecount="0"/>
        <line num="14" count="9" type="stmt"/>
        <line num="15" count="9" type="stmt"/>
        <line num="17" count="9" type="stmt"/>
        <line num="18" count="9" type="stmt"/>
      </file>
      <file name="parser.js" path="C:\ebat_ya_programist\frontend-project-46\src\parser.js">
        <metrics statements="6" coveredstatements="6" conditionals="4" coveredconditionals="4" methods="1" coveredmethods="1"/>
        <line num="3" count="1" type="stmt"/>
        <line num="4" count="19" type="cond" truecount="4" falsecount="0"/>
        <line num="6" count="6" type="stmt"/>
        <line num="8" count="6" type="stmt"/>
        <line num="10" count="6" type="stmt"/>
        <line num="12" count="1" type="stmt"/>
      </file>
    </package>
    <package name="src.formats">
      <metrics statements="39" coveredstatements="39" conditionals="24" coveredconditionals="24" methods="13" coveredmethods="13"/>
      <file name="index.js" path="C:\ebat_ya_programist\frontend-project-46\src\formats\index.js">
        <metrics statements="6" coveredstatements="6" conditionals="4" coveredconditionals="4" methods="1" coveredmethods="1"/>
        <line num="5" count="1" type="stmt"/>
        <line num="6" count="10" type="cond" truecount="4" falsecount="0"/>
        <line num="8" count="3" type="stmt"/>
        <line num="10" count="3" type="stmt"/>
        <line num="12" count="3" type="stmt"/>
        <line num="14" count="1" type="stmt"/>
      </file>
      <file name="json.js" path="C:\ebat_ya_programist\frontend-project-46\src\formats\json.js">
        <metrics statements="1" coveredstatements="1" conditionals="0" coveredconditionals="0" methods="1" coveredmethods="1"/>
        <line num="1" count="3" type="stmt"/>
      </file>
      <file name="plain.js" path="C:\ebat_ya_programist\frontend-project-46\src\formats\plain.js">
        <metrics statements="12" coveredstatements="12" conditionals="9" coveredconditionals="9" methods="5" coveredmethods="5"/>
        <line num="3" count="1" type="stmt"/>
        <line num="4" count="39" type="cond" truecount="2" falsecount="0"/>
        <line num="5" count="30" type="cond" truecount="2" falsecount="0"/>
        <line num="6" count="9" type="stmt"/>
        <line num="9" count="15" type="cond" truecount="1" falsecount="0"/>
        <line num="10" count="54" type="stmt"/>
        <line num="12" count="45" type="cond" truecount="4" falsecount="0"/>
        <line num="14" count="15" type="stmt"/>
        <line num="17" count="12" type="stmt"/>
        <line num="22" count="12" type="stmt"/>
        <line num="25" count="6" type="stmt"/>
        <line num="30" count="3" type="stmt"/>
      </file>
      <file name="stylish.js" path="C:\ebat_ya_programist\frontend-project-46\src\formats\stylish.js">
        <metrics statements="20" coveredstatements="20" conditionals="11" coveredconditionals="11" methods="6" coveredmethods="6"/>
        <line num="3" count="1" type="stmt"/>
        <line num="4" count="1" type="stmt"/>
        <line num="5" count="1" type="stmt"/>
        <line num="7" count="1" type="cond" truecount="1" falsecount="0"/>
        <line num="8" count="126" type="stmt"/>
        <line num="9" count="126" type="cond" truecount="2" falsecount="0"/>
        <line num="12" count="1" type="stmt"/>
        <line num="13" count="81" type="cond" truecount="2" falsecount="0"/>
        <line num="15" count="21" type="stmt"/>
        <line num="17" count="27" type="stmt"/>
        <line num="18" count="21" type="stmt"/>
        <line num="21" count="15" type="cond" truecount="1" falsecount="0"/>
        <line num="23" count="54" type="cond" truecount="5" falsecount="0"/>
        <line num="25" count="15" type="stmt"/>
        <line num="28" count="6" type="stmt"/>
        <line num="31" count="12" type="stmt"/>
        <line num="37" count="12" type="stmt"/>
        <line num="38" count="12" type="stmt"/>
        <line num="41" count="9" type="stmt"/>
        <line num="45" count="3" type="stmt"/>
      </file>
    </package>
  </project>
</coverage>
