{"C:\\ebat_ya_programist\\frontend-project-46\\src\\getDiff.js": {"path":"C:\\ebat_ya_programist\\frontend-project-46\\src\\getDiff.js","statementMap":{"0":{"start":{"line":3,"column":22},"end":{"line":27,"column":1}},"1":{"start":{"line":4,"column":16},"end":{"line":4,"column":29}},"2":{"start":{"line":5,"column":16},"end":{"line":5,"column":29}},"3":{"start":{"line":6,"column":20},"end":{"line":6,"column":41}},"4":{"start":{"line":7,"column":21},"end":{"line":7,"column":40}},"5":{"start":{"line":9,"column":17},"end":{"line":25,"column":4}},"6":{"start":{"line":10,"column":4},"end":{"line":12,"column":5}},"7":{"start":{"line":11,"column":6},"end":{"line":11,"column":55}},"8":{"start":{"line":13,"column":4},"end":{"line":15,"column":5}},"9":{"start":{"line":14,"column":6},"end":{"line":14,"column":57}},"10":{"start":{"line":16,"column":4},"end":{"line":18,"column":5}},"11":{"start":{"line":17,"column":6},"end":{"line":17,"column":86}},"12":{"start":{"line":19,"column":4},"end":{"line":23,"column":5}},"13":{"start":{"line":20,"column":6},"end":{"line":22,"column":8}},"14":{"start":{"line":24,"column":4},"end":{"line":24,"column":57}},"15":{"start":{"line":26,"column":2},"end":{"line":26,"column":16}}},"fnMap":{"0":{"name":"(anonymous_0)","decl":{"start":{"line":3,"column":22},"end":{"line":3,"column":23}},"loc":{"start":{"line":3,"column":40},"end":{"line":27,"column":1}},"line":3},"1":{"name":"(anonymous_1)","decl":{"start":{"line":9,"column":32},"end":{"line":9,"column":33}},"loc":{"start":{"line":9,"column":41},"end":{"line":25,"column":3}},"line":9}},"branchMap":{"0":{"loc":{"start":{"line":10,"column":4},"end":{"line":12,"column":5}},"type":"if","locations":[{"start":{"line":10,"column":4},"end":{"line":12,"column":5}},{"start":{},"end":{}}],"line":10},"1":{"loc":{"start":{"line":13,"column":4},"end":{"line":15,"column":5}},"type":"if","locations":[{"start":{"line":13,"column":4},"end":{"line":15,"column":5}},{"start":{},"end":{}}],"line":13},"2":{"loc":{"start":{"line":16,"column":4},"end":{"line":18,"column":5}},"type":"if","locations":[{"start":{"line":16,"column":4},"end":{"line":18,"column":5}},{"start":{},"end":{}}],"line":16},"3":{"loc":{"start":{"line":16,"column":8},"end":{"line":16,"column":66}},"type":"binary-expr","locations":[{"start":{"line":16,"column":8},"end":{"line":16,"column":35}},{"start":{"line":16,"column":39},"end":{"line":16,"column":66}}],"line":16},"4":{"loc":{"start":{"line":19,"column":4},"end":{"line":23,"column":5}},"type":"if","locations":[{"start":{"line":19,"column":4},"end":{"line":23,"column":5}},{"start":{},"end":{}}],"line":19}},"s":{"0":1,"1":45,"2":45,"3":45,"4":45,"5":45,"6":162,"7":45,"8":117,"9":18,"10":99,"11":36,"12":63,"13":36,"14":27,"15":45},"f":{"0":45,"1":162},"b":{"0":[45,117],"1":[18,99],"2":[36,63],"3":[99,45],"4":[36,27]},"_coverageSchema":"1a1c01bbd47fc00a2c39e90264f33305004495a9","hash":"557de35f9be93b713ba2ddc74214159c98d3cf8c"}
,"C:\\ebat_ya_programist\\frontend-project-46\\src\\index.js": {"path":"C:\\ebat_ya_programist\\frontend-project-46\\src\\index.js","statementMap":{"0":{"start":{"line":8,"column":20},"end":{"line":8,"column":71}},"1":{"start":{"line":8,"column":34},"end":{"line":8,"column":71}},"2":{"start":{"line":9,"column":18},"end":{"line":9,"column":63}},"3":{"start":{"line":9,"column":32},"end":{"line":9,"column":63}},"4":{"start":{"line":11,"column":16},"end":{"line":11,"column":102}},"5":{"start":{"line":11,"column":30},"end":{"line":11,"column":102}},"6":{"start":{"line":13,"column":19},"end":{"line":19,"column":1}},"7":{"start":{"line":14,"column":16},"end":{"line":14,"column":34}},"8":{"start":{"line":15,"column":16},"end":{"line":15,"column":34}},"9":{"start":{"line":17,"column":15},"end":{"line":17,"column":42}},"10":{"start":{"line":18,"column":2},"end":{"line":18,"column":37}}},"fnMap":{"0":{"name":"(anonymous_0)","decl":{"start":{"line":8,"column":20},"end":{"line":8,"column":21}},"loc":{"start":{"line":8,"column":34},"end":{"line":8,"column":71}},"line":8},"1":{"name":"(anonymous_1)","decl":{"start":{"line":9,"column":18},"end":{"line":9,"column":19}},"loc":{"start":{"line":9,"column":32},"end":{"line":9,"column":63}},"line":9},"2":{"name":"(anonymous_2)","decl":{"start":{"line":11,"column":16},"end":{"line":11,"column":17}},"loc":{"start":{"line":11,"column":30},"end":{"line":11,"column":102}},"line":11},"3":{"name":"(anonymous_3)","decl":{"start":{"line":13,"column":19},"end":{"line":13,"column":20}},"loc":{"start":{"line":13,"column":69},"end":{"line":19,"column":1}},"line":13}},"branchMap":{"0":{"loc":{"start":{"line":13,"column":42},"end":{"line":13,"column":64}},"type":"default-arg","locations":[{"start":{"line":13,"column":55},"end":{"line":13,"column":64}}],"line":13}},"s":{"0":1,"1":18,"2":1,"3":18,"4":1,"5":18,"6":1,"7":9,"8":9,"9":9,"10":9},"f":{"0":18,"1":18,"2":18,"3":9},"b":{"0":[3]},"_coverageSchema":"1a1c01bbd47fc00a2c39e90264f33305004495a9","hash":"14f7b7235fe82f0ac03af84b33b7dedabd5f4d8d"}
,"C:\\ebat_ya_programist\\frontend-project-46\\src\\parser.js": {"path":"C:\\ebat_ya_programist\\frontend-project-46\\src\\parser.js","statementMap":{"0":{"start":{"line":3,"column":15},"end":{"line":14,"column":1}},"1":{"start":{"line":4,"column":2},"end":{"line":13,"column":3}},"2":{"start":{"line":6,"column":6},"end":{"line":6,"column":30}},"3":{"start":{"line":8,"column":6},"end":{"line":8,"column":29}},"4":{"start":{"line":10,"column":6},"end":{"line":10,"column":29}},"5":{"start":{"line":12,"column":6},"end":{"line":12,"column":60}}},"fnMap":{"0":{"name":"(anonymous_0)","decl":{"start":{"line":3,"column":15},"end":{"line":3,"column":16}},"loc":{"start":{"line":3,"column":33},"end":{"line":14,"column":1}},"line":3}},"branchMap":{"0":{"loc":{"start":{"line":4,"column":2},"end":{"line":13,"column":3}},"type":"switch","locations":[{"start":{"line":5,"column":4},"end":{"line":6,"column":30}},{"start":{"line":7,"column":4},"end":{"line":8,"column":29}},{"start":{"line":9,"column":4},"end":{"line":10,"column":29}},{"start":{"line":11,"column":4},"end":{"line":12,"column":60}}],"line":4}},"s":{"0":1,"1":19,"2":6,"3":6,"4":6,"5":1},"f":{"0":19},"b":{"0":[6,6,6,1]},"_coverageSchema":"1a1c01bbd47fc00a2c39e90264f33305004495a9","hash":"e19c90783aea6a410a44e5cf0332f33a16e3adef"}
,"C:\\ebat_ya_programist\\frontend-project-46\\src\\formats\\index.js": {"path":"C:\\ebat_ya_programist\\frontend-project-46\\src\\formats\\index.js","statementMap":{"0":{"start":{"line":5,"column":18},"end":{"line":16,"column":1}},"1":{"start":{"line":6,"column":2},"end":{"line":15,"column":3}},"2":{"start":{"line":8,"column":6},"end":{"line":8,"column":35}},"3":{"start":{"line":10,"column":6},"end":{"line":10,"column":33}},"4":{"start":{"line":12,"column":6},"end":{"line":12,"column":32}},"5":{"start":{"line":14,"column":6},"end":{"line":14,"column":64}}},"fnMap":{"0":{"name":"(anonymous_0)","decl":{"start":{"line":5,"column":18},"end":{"line":5,"column":19}},"loc":{"start":{"line":5,"column":40},"end":{"line":16,"column":1}},"line":5}},"branchMap":{"0":{"loc":{"start":{"line":6,"column":2},"end":{"line":15,"column":3}},"type":"switch","locations":[{"start":{"line":7,"column":4},"end":{"line":8,"column":35}},{"start":{"line":9,"column":4},"end":{"line":10,"column":33}},{"start":{"line":11,"column":4},"end":{"line":12,"column":32}},{"start":{"line":13,"column":4},"end":{"line":14,"column":64}}],"line":6}},"s":{"0":1,"1":10,"2":3,"3":3,"4":3,"5":1},"f":{"0":10},"b":{"0":[3,3,3,1]},"_coverageSchema":"1a1c01bbd47fc00a2c39e90264f33305004495a9","hash":"319d3fc6ad797f7718b448e8dc3bba46f4e339d3"}
,"C:\\ebat_ya_programist\\frontend-project-46\\src\\formats\\json.js": {"path":"C:\\ebat_ya_programist\\frontend-project-46\\src\\formats\\json.js","statementMap":{"0":{"start":{"line":1,"column":21},"end":{"line":1,"column":59}},"1":{"start":{"line":1,"column":31},"end":{"line":1,"column":59}}},"fnMap":{"0":{"name":"(anonymous_0)","decl":{"start":{"line":1,"column":21},"end":{"line":1,"column":22}},"loc":{"start":{"line":1,"column":31},"end":{"line":1,"column":59}},"line":1}},"branchMap":{},"s":{"0":1,"1":3},"f":{"0":3},"b":{},"_coverageSchema":"1a1c01bbd47fc00a2c39e90264f33305004495a9","hash":"5a446f1eeb64b9f88ef81bdb234e3b0c599b4da7"}
,"C:\\ebat_ya_programist\\frontend-project-46\\src\\formats\\plain.js": {"path":"C:\\ebat_ya_programist\\frontend-project-46\\src\\formats\\plain.js","statementMap":{"0":{"start":{"line":3,"column":18},"end":{"line":7,"column":1}},"1":{"start":{"line":4,"column":2},"end":{"line":4,"column":50}},"2":{"start":{"line":4,"column":25},"end":{"line":4,"column":50}},"3":{"start":{"line":5,"column":2},"end":{"line":5,"column":45}},"4":{"start":{"line":5,"column":25},"end":{"line":5,"column":45}},"5":{"start":{"line":6,"column":2},"end":{"line":6,"column":23}},"6":{"start":{"line":9,"column":19},"end":{"line":28,"column":13}},"7":{"start":{"line":9,"column":40},"end":{"line":28,"column":13}},"8":{"start":{"line":10,"column":24},"end":{"line":10,"column":44}},"9":{"start":{"line":12,"column":4},"end":{"line":26,"column":5}},"10":{"start":{"line":14,"column":8},"end":{"line":14,"column":94}},"11":{"start":{"line":17,"column":8},"end":{"line":19,"column":12}},"12":{"start":{"line":22,"column":8},"end":{"line":22,"column":64}},"13":{"start":{"line":25,"column":8},"end":{"line":25,"column":59}},"14":{"start":{"line":30,"column":22},"end":{"line":30,"column":48}},"15":{"start":{"line":30,"column":32},"end":{"line":30,"column":48}}},"fnMap":{"0":{"name":"(anonymous_0)","decl":{"start":{"line":3,"column":18},"end":{"line":3,"column":19}},"loc":{"start":{"line":3,"column":29},"end":{"line":7,"column":1}},"line":3},"1":{"name":"(anonymous_1)","decl":{"start":{"line":9,"column":19},"end":{"line":9,"column":20}},"loc":{"start":{"line":9,"column":40},"end":{"line":28,"column":13}},"line":9},"2":{"name":"(anonymous_2)","decl":{"start":{"line":10,"column":10},"end":{"line":10,"column":11}},"loc":{"start":{"line":10,"column":24},"end":{"line":10,"column":44}},"line":10},"3":{"name":"(anonymous_3)","decl":{"start":{"line":11,"column":7},"end":{"line":11,"column":8}},"loc":{"start":{"line":11,"column":17},"end":{"line":27,"column":3}},"line":11},"4":{"name":"(anonymous_4)","decl":{"start":{"line":30,"column":22},"end":{"line":30,"column":23}},"loc":{"start":{"line":30,"column":32},"end":{"line":30,"column":48}},"line":30}},"branchMap":{"0":{"loc":{"start":{"line":4,"column":2},"end":{"line":4,"column":50}},"type":"if","locations":[{"start":{"line":4,"column":2},"end":{"line":4,"column":50}},{"start":{},"end":{}}],"line":4},"1":{"loc":{"start":{"line":5,"column":2},"end":{"line":5,"column":45}},"type":"if","locations":[{"start":{"line":5,"column":2},"end":{"line":5,"column":45}},{"start":{},"end":{}}],"line":5},"2":{"loc":{"start":{"line":9,"column":26},"end":{"line":9,"column":35}},"type":"default-arg","locations":[{"start":{"line":9,"column":33},"end":{"line":9,"column":35}}],"line":9},"3":{"loc":{"start":{"line":12,"column":4},"end":{"line":26,"column":5}},"type":"switch","locations":[{"start":{"line":13,"column":6},"end":{"line":15,"column":7}},{"start":{"line":16,"column":6},"end":{"line":20,"column":7}},{"start":{"line":21,"column":6},"end":{"line":23,"column":7}},{"start":{"line":24,"column":6},"end":{"line":25,"column":59}}],"line":12}},"s":{"0":1,"1":39,"2":9,"3":30,"4":21,"5":9,"6":1,"7":15,"8":54,"9":45,"10":15,"11":12,"12":12,"13":6,"14":1,"15":3},"f":{"0":39,"1":15,"2":54,"3":45,"4":3},"b":{"0":[9,30],"1":[21,9],"2":[3],"3":[15,12,12,6]},"_coverageSchema":"1a1c01bbd47fc00a2c39e90264f33305004495a9","hash":"4f586e6e9f6fe849478cc010fd64c7225ec9f037"}
,"C:\\ebat_ya_programist\\frontend-project-46\\src\\formats\\stylish.js": {"path":"C:\\ebat_ya_programist\\frontend-project-46\\src\\formats\\stylish.js","statementMap":{"0":{"start":{"line":3,"column":17},"end":{"line":3,"column":20}},"1":{"start":{"line":4,"column":18},"end":{"line":4,"column":19}},"2":{"start":{"line":5,"column":20},"end":{"line":5,"column":21}},"3":{"start":{"line":7,"column":15},"end":{"line":10,"column":1}},"4":{"start":{"line":8,"column":15},"end":{"line":8,"column":34}},"5":{"start":{"line":9,"column":2},"end":{"line":9,"column":76}},"6":{"start":{"line":12,"column":18},"end":{"line":19,"column":1}},"7":{"start":{"line":13,"column":2},"end":{"line":13,"column":45}},"8":{"start":{"line":13,"column":25},"end":{"line":13,"column":45}},"9":{"start":{"line":15,"column":16},"end":{"line":17,"column":88}},"10":{"start":{"line":17,"column":27},"end":{"line":17,"column":87}},"11":{"start":{"line":18,"column":2},"end":{"line":18,"column":53}},"12":{"start":{"line":21,"column":19},"end":{"line":43,"column":4}},"13":{"start":{"line":21,"column":40},"end":{"line":43,"column":4}},"14":{"start":{"line":23,"column":4},"end":{"line":42,"column":5}},"15":{"start":{"line":25,"column":8},"end":{"line":25,"column":87}},"16":{"start":{"line":28,"column":8},"end":{"line":28,"column":87}},"17":{"start":{"line":31,"column":8},"end":{"line":34,"column":21}},"18":{"start":{"line":37,"column":25},"end":{"line":37,"column":72}},"19":{"start":{"line":38,"column":8},"end":{"line":38,"column":80}},"20":{"start":{"line":41,"column":8},"end":{"line":41,"column":78}},"21":{"start":{"line":45,"column":24},"end":{"line":45,"column":72}},"22":{"start":{"line":45,"column":34},"end":{"line":45,"column":72}}},"fnMap":{"0":{"name":"(anonymous_0)","decl":{"start":{"line":7,"column":15},"end":{"line":7,"column":16}},"loc":{"start":{"line":7,"column":41},"end":{"line":10,"column":1}},"line":7},"1":{"name":"(anonymous_1)","decl":{"start":{"line":12,"column":18},"end":{"line":12,"column":19}},"loc":{"start":{"line":12,"column":35},"end":{"line":19,"column":1}},"line":12},"2":{"name":"(anonymous_2)","decl":{"start":{"line":17,"column":9},"end":{"line":17,"column":10}},"loc":{"start":{"line":17,"column":27},"end":{"line":17,"column":87}},"line":17},"3":{"name":"(anonymous_3)","decl":{"start":{"line":21,"column":19},"end":{"line":21,"column":20}},"loc":{"start":{"line":21,"column":40},"end":{"line":43,"column":4}},"line":21},"4":{"name":"(anonymous_4)","decl":{"start":{"line":22,"column":7},"end":{"line":22,"column":8}},"loc":{"start":{"line":22,"column":17},"end":{"line":43,"column":3}},"line":22},"5":{"name":"(anonymous_5)","decl":{"start":{"line":45,"column":24},"end":{"line":45,"column":25}},"loc":{"start":{"line":45,"column":34},"end":{"line":45,"column":72}},"line":45}},"branchMap":{"0":{"loc":{"start":{"line":7,"column":23},"end":{"line":7,"column":36}},"type":"default-arg","locations":[{"start":{"line":7,"column":32},"end":{"line":7,"column":36}}],"line":7},"1":{"loc":{"start":{"line":9,"column":9},"end":{"line":9,"column":75}},"type":"cond-expr","locations":[{"start":{"line":9,"column":18},"end":{"line":9,"column":39}},{"start":{"line":9,"column":42},"end":{"line":9,"column":75}}],"line":9},"2":{"loc":{"start":{"line":13,"column":2},"end":{"line":13,"column":45}},"type":"if","locations":[{"start":{"line":13,"column":2},"end":{"line":13,"column":45}},{"start":{},"end":{}}],"line":13},"3":{"loc":{"start":{"line":21,"column":26},"end":{"line":21,"column":35}},"type":"default-arg","locations":[{"start":{"line":21,"column":34},"end":{"line":21,"column":35}}],"line":21},"4":{"loc":{"start":{"line":23,"column":4},"end":{"line":42,"column":5}},"type":"switch","locations":[{"start":{"line":24,"column":6},"end":{"line":26,"column":7}},{"start":{"line":27,"column":6},"end":{"line":29,"column":7}},{"start":{"line":30,"column":6},"end":{"line":35,"column":7}},{"start":{"line":36,"column":6},"end":{"line":39,"column":7}},{"start":{"line":40,"column":6},"end":{"line":41,"column":78}}],"line":23}},"s":{"0":1,"1":1,"2":1,"3":1,"4":126,"5":126,"6":1,"7":81,"8":60,"9":21,"10":27,"11":21,"12":1,"13":15,"14":54,"15":15,"16":6,"17":12,"18":12,"19":12,"20":9,"21":1,"22":3},"f":{"0":126,"1":81,"2":27,"3":15,"4":54,"5":3},"b":{"0":[81],"1":[81,45],"2":[60,21],"3":[3],"4":[15,6,12,12,9]},"_coverageSchema":"1a1c01bbd47fc00a2c39e90264f33305004495a9","hash":"0bbf4f2824972505561e8bc36daf0a5fab7cae92"}
}
