TN:
SF:src\getDiff.js
FN:3,(anonymous_0)
FN:9,(anonymous_1)
FNF:2
FNH:2
FNDA:45,(anonymous_0)
FNDA:162,(anonymous_1)
DA:3,1
DA:4,45
DA:5,45
DA:6,45
DA:7,45
DA:9,45
DA:10,162
DA:11,45
DA:13,117
DA:14,18
DA:16,99
DA:17,36
DA:19,63
DA:20,36
DA:24,27
DA:26,45
LF:16
LH:16
BRDA:10,0,0,45
BRDA:10,0,1,117
BRDA:13,1,0,18
BRDA:13,1,1,99
BRDA:16,2,0,36
BRDA:16,2,1,63
BRDA:16,3,0,99
BRDA:16,3,1,45
BRDA:19,4,0,36
BRDA:19,4,1,27
BRF:10
BRH:10
end_of_record
TN:
SF:src\index.js
FN:8,(anonymous_0)
FN:9,(anonymous_1)
FN:11,(anonymous_2)
FN:13,(anonymous_3)
FNF:4
FNH:4
FNDA:18,(anonymous_0)
FNDA:18,(anonymous_1)
FNDA:18,(anonymous_2)
FNDA:9,(anonymous_3)
DA:8,18
DA:9,18
DA:11,18
DA:13,1
DA:14,9
DA:15,9
DA:17,9
DA:18,9
LF:8
LH:8
BRDA:13,0,0,3
BRF:1
BRH:1
end_of_record
TN:
SF:src\parser.js
FN:3,(anonymous_0)
FNF:1
FNH:1
FNDA:19,(anonymous_0)
DA:3,1
DA:4,19
DA:6,6
DA:8,6
DA:10,6
DA:12,1
LF:6
LH:6
BRDA:4,0,0,6
BRDA:4,0,1,6
BRDA:4,0,2,6
BRDA:4,0,3,1
BRF:4
BRH:4
end_of_record
TN:
SF:src\formats\index.js
FN:5,(anonymous_0)
FNF:1
FNH:1
FNDA:10,(anonymous_0)
DA:5,1
DA:6,10
DA:8,3
DA:10,3
DA:12,3
DA:14,1
LF:6
LH:6
BRDA:6,0,0,3
BRDA:6,0,1,3
BRDA:6,0,2,3
BRDA:6,0,3,1
BRF:4
BRH:4
end_of_record
TN:
SF:src\formats\json.js
FN:1,(anonymous_0)
FNF:1
FNH:1
FNDA:3,(anonymous_0)
DA:1,3
LF:1
LH:1
BRF:0
BRH:0
end_of_record
TN:
SF:src\formats\plain.js
FN:3,(anonymous_0)
FN:9,(anonymous_1)
FN:10,(anonymous_2)
FN:11,(anonymous_3)
FN:30,(anonymous_4)
FNF:5
FNH:5
FNDA:39,(anonymous_0)
FNDA:15,(anonymous_1)
FNDA:54,(anonymous_2)
FNDA:45,(anonymous_3)
FNDA:3,(anonymous_4)
DA:3,1
DA:4,39
DA:5,30
DA:6,9
DA:9,15
DA:10,54
DA:12,45
DA:14,15
DA:17,12
DA:22,12
DA:25,6
DA:30,3
LF:12
LH:12
BRDA:4,0,0,9
BRDA:4,0,1,30
BRDA:5,1,0,21
BRDA:5,1,1,9
BRDA:9,2,0,3
BRDA:12,3,0,15
BRDA:12,3,1,12
BRDA:12,3,2,12
BRDA:12,3,3,6
BRF:9
BRH:9
end_of_record
TN:
SF:src\formats\stylish.js
FN:7,(anonymous_0)
FN:12,(anonymous_1)
FN:17,(anonymous_2)
FN:21,(anonymous_3)
FN:22,(anonymous_4)
FN:45,(anonymous_5)
FNF:6
FNH:6
FNDA:126,(anonymous_0)
FNDA:81,(anonymous_1)
FNDA:27,(anonymous_2)
FNDA:15,(anonymous_3)
FNDA:54,(anonymous_4)
FNDA:3,(anonymous_5)
DA:3,1
DA:4,1
DA:5,1
DA:7,1
DA:8,126
DA:9,126
DA:12,1
DA:13,81
DA:15,21
DA:17,27
DA:18,21
DA:21,15
DA:23,54
DA:25,15
DA:28,6
DA:31,12
DA:37,12
DA:38,12
DA:41,9
DA:45,3
LF:20
LH:20
BRDA:7,0,0,81
BRDA:9,1,0,81
BRDA:9,1,1,45
BRDA:13,2,0,60
BRDA:13,2,1,21
BRDA:21,3,0,3
BRDA:23,4,0,15
BRDA:23,4,1,6
BRDA:23,4,2,12
BRDA:23,4,3,12
BRDA:23,4,4,9
BRF:11
BRH:11
end_of_record
